### ISSUE TITLE
J9 (11.0.9) crashed while executing a test file on a heavy-load server.

### ISSUE THREAD

**Issue by fuzzy000** [eclipse/openj9#11725]
JVM Versions
------------------
We used the following versions of J9:
```
openjdk version "11.0.9" 2020-10-20
OpenJDK Runtime Environment AdoptOpenJDK (build 11.0.9+11)
Eclipse OpenJ9 VM AdoptOpenJDK (build openj9-0.23.0, JRE 11 Linux amd64-64-Bit Compressed References 20201022_810 (JIT enabled, AOT enabled)
OpenJ9   - 0394ef754
OMR      - 582366ae5
JCL      - 3b09cfd7e9 based on jdk-11.0.9+11)
```

Summary of the Problem
------------------
This crash is similar to https://github.com/eclipse/openj9/issues/11683#issue-788934950, but on version 11.0.9.

We made some changes to a class file in the JUnit project, and let several JVMs execute the corresponding JUnit test. We found that J9 (11.0.9) crashed while executing on our heavy-load server with the following output:
```
JUnit version 4.13
JVMCDRT000E Unable to locate JIT stack map - aborting VM
JVMCDRT001E Method: java/lang/Object.<init>()V (000000000006C1C0)
JVMCDRT002E Failing PC: 00007F6D6C3C7B06 (offset 0000000000000026), metaData = 00007F6D6592E738
06:05:49.789 0x1ba700j9codertvm(j9ji.110    *   ** ASSERTION FAILED ** at ../../../../../openj9/runtime/codert_vm/jswalk.c:532: ((0 ))
JVMDUMP039I Processing dump event "traceassert", detail "" at 2021/01/21 14:05:49 - please wait.
JVMDUMP032I JVM requested System dump using '/Volume2/runJVMs/junit/junit2021-2/ExpectedException-6/core.20210121.140549.57154.0001.dmp' in response to an event
JVMPORT030W /proc/sys/kernel/core_pattern setting "|/usr/share/apport/apport %p %s %c %d %P %E" specifies that the core dump is to be piped to an external program.  Attempting to rename either core or core.59286.

JVMDUMP010I System dump written to /Volume2/runJVMs/junit/junit2021-2/ExpectedException-6/core.20210121.140549.57154.0001.dmp
JVMDUMP032I JVM requested Java dump using '/Volume2/runJVMs/junit/junit2021-2/ExpectedException-6/javacore.20210121.140549.57154.0002.txt' in response to an event
JVMDUMP010I Java dump written to /Volume2/runJVMs/junit/junit2021-2/ExpectedException-6/javacore.20210121.140549.57154.0002.txt
JVMDUMP032I JVM requested Snap dump using '/Volume2/runJVMs/junit/junit2021-2/ExpectedException-6/Snap.20210121.140549.57154.0003.trc' in response to an event
JVMDUMP010I Snap dump written to /Volume2/runJVMs/junit/junit2021-2/ExpectedException-6/Snap.20210121.140549.57154.0003.trc
JVMDUMP013I Processed dump event "traceassert", detail "".
```

Diagnostic files
----------------
The dmp files are too big to upload here, so I uploaded it to google drive:
https://drive.google.com/file/d/1G5WTUkuHriEBVAm9lhZrzAZ7aiWea5q6/view?usp=sharing

Execution environment
---------------------------------
- OS and version: Ubuntu 16.04.6 LTS
- CPU model: Intel(R) Xeon(R) CPU E5-4610 v4 @ 1.80GHz
- Number of CPU cores: 4CPUs, each has 10 cores
- Size of physical memory: 16384 MB * 20

**Comment by gacholio** [comment]
@0xdaryl

**Comment by 0xdaryl** [comment]
My apologies, I missed the tag earlier.

@a7ehuo : could you download the build artifacts referenced above and triage the problem please?

**Comment by 0xdaryl** [comment]
Moving this out to 0.26.

**Comment by a7ehuo** [comment]
I downloaded the log mentioned above https://github.com/eclipse/openj9/issues/11725#issue-791086893 at https://drive.google.com/file/d/1G5WTUkuHriEBVAm9lhZrzAZ7aiWea5q6/view?usp=sharing. The console log shows a different crash as below: 

```
org.junit.rules.RuleChain: org.junit.rules.RuleChain around(org.junit.rules.TestRule)> **** Executed Line: **** 13 **** specialinvoke $r5.<org.junit.rules.RuleChain: void <init>(java.util.List)>(r2)
Unhandled exception
Type=Segmentation error vmState=0x00000000
J9Generic_Signal_Number=00000018 Signal_Number=0000000b Error_Value=00000000 Signal_Code=00000001
Handler1=00007FA7F7A8C970 Handler2=00007FA7F77F7920 InaccessibleAddress=00000000854A44D8
RDI=0000000008000000 RSI=00000000000939A0 RAX=00000000854A4400 RBX=0000000000045D00
RCX=00000000000939C0 RDX=00000000000000C2 R8=00000001C0041F88 R9=0000000000000000
R10=0000000000104F00 R11=0000000000000001 R12=000000000013AF18 R13=000000000013AF20
R14=00007FA785537403 R15=00007FA7FD4DE440
RIP=00007FA7F7ADCCF4 GS=0000 FS=0000 RSP=00007FA7FD4DE0C0
EFlags=0000000000010246 CS=0033 RBP=00000000000939C0 ERR=0000000000000004
TRAPNO=000000000000000E OLDMASK=0000000000000000 CR2=00000000854A44D8
xmm0 0000000000000005 (f: 5.000000, d: 2.470328e-323)
xmm1 0000000000000000 (f: 0.000000, d: 0.000000e+00)
xmm2 00007fa7fd4de470 (f: 4249740288.000000, d: 6.934680e-310)
xmm3 7261206e69616843 (f: 1767991424.000000, d: 9.136078e+242)
xmm4 722e74696e756a2e (f: 1853188608.000000, d: 1.015363e+242)
xmm5 203e29656c755274 (f: 1819628160.000000, d: 2.249563e-153)
xmm6 0000000700000001 (f: 1.000000, d: 1.485397e-313)
xmm7 00000001c0042168 (f: 3221496064.000000, d: 3.713626e-314)
xmm8 65542e73656c7572 (f: 1701606784.000000, d: 1.308488e+180)
xmm9 7845202a2a2a2a20 (f: 707406336.000000, d: 2.232112e+271)
xmm10 2a2a2a203a656e69 (f: 979725952.000000, d: 1.426018e-105)
xmm11 616963657073202a (f: 1886593024.000000, d: 1.784682e+161)
xmm12 67726f3c2e357224 (f: 775254592.000000, d: 2.053378e+190)
xmm13 6c75522e73656c75 (f: 1936026752.000000, d: 2.871078e+214)
xmm14 6e693c2064696f76 (f: 1684631424.000000, d: 7.297395e+223)
xmm15 694c2e6c6974752e (f: 1769239808.000000, d: 1.685267e+199)
Module=/Volume2/mingyuanwu/JVMs/j9-11.0.9+11/lib/compressedrefs/libj9vm29.so
Module_base_address=00007FA7F7A58000
Target=2_90_20201022_810 (Linux 4.15.0-96-generic)
CPU=amd64 (80 logical CPUs) (0x4eb368f000 RAM)
----------- Stack Backtrace -----------
(0x00007FA7F7ADCCF4 [libj9vm29.so+0x84cf4])
(0x00007FA7F7AD3D90 [libj9vm29.so+0x7bd90])
(0x00007FA7F7B2A4B2 [libj9vm29.so+0xd24b2])
---------------------------------------
JVMDUMP039I Processing dump event "gpf", detail "" at 2021/01/21 14:18:14 - please wait.
JVMDUMP032I JVM requested System dump using '/Volume2/mingyuanwu/runJVMs/junit/junit2021-2/RuleChain-6-test/core.20210121.141814.81259.0001.dmp' in response to an event
JVMPORT030W /proc/sys/kernel/core_pattern setting "|/usr/share/apport/apport %p %s %c %d %P %E" specifies that the core dump is to be piped to an external program.  Attempting to rename either core or core.1605.

JVMDUMP010I System dump written to /Volume2/mingyuanwu/runJVMs/junit/junit2021-2/RuleChain-6-test/core.20210121.141814.81259.0001.dmp
JVMDUMP032I JVM requested Java dump using '/Volume2/mingyuanwu/runJVMs/junit/junit2021-2/RuleChain-6-test/javacore.20210121.141814.81259.0002.txt' in response to an event
JVMDUMP010I Java dump written to /Volume2/mingyuanwu/runJVMs/junit/junit2021-2/RuleChain-6-test/javacore.20210121.141814.81259.0002.txt
JVMDUMP032I JVM requested Snap dump using '/Volume2/mingyuanwu/runJVMs/junit/junit2021-2/RuleChain-6-test/Snap.20210121.141814.81259.0003.trc' in response to an event
JVMDUMP010I Snap dump written to /Volume2/mingyuanwu/runJVMs/junit/junit2021-2/RuleChain-6-test/Snap.20210121.141814.81259.0003.trc
JVMDUMP032I JVM requested JIT dump using '/Volume2/mingyuanwu/runJVMs/junit/junit2021-2/RuleChain-6-test/jitdump.20210121.141814.81259.0004.dmp' in response to an event
JVMDUMP010I JIT dump written to /Volume2/mingyuanwu/runJVMs/junit/junit2021-2/RuleChain-6-test/jitdump.20210121.141814.81259.0004.dmp
JVMDUMP013I Processed dump event "gpf", detail "".
```

It crashed in `VM_ObjectMonitorCompressed::inlineFastObjectMonitorEnter()` [1] when it tried to access `J9Class` `lockOffset` (`0xd8`) [2],`rax` doesn’t contain a valid `J9Class` address. Likely the `object` is invalid already. The java stack looks very much like https://github.com/eclipse/openj9/issues/11683#issuecomment-764808957. `java/lang/Throwable.<init>()V` is on the top of the stack. Attach stackslots dump from the failing thread `0x45d00` here
[stackslots_0x00045d00.log](https://github.com/eclipse/openj9/files/6006382/stackslots_0x00045d00.log)

```
=> 0x00007fa7f7adccf4 <VM_BytecodeInterpreterCompressed::run(J9VMThread*)+36692>:	48 8b 90 d8 00 00 00	mov    0xd8(%rax),%rdx

(gdb) info reg rax
rax            0x854a4400          2236236800
```

[1] 
https://github.com/eclipse/openj9/blob/0394ef7545243942a4b27227a22174c1be67ed60/runtime/oti/ObjectMonitor.hpp#L277-L280

[2]
```
(gdb) bt
#0  __pthread_kill (threadid=<optimized out>, signo=signo@entry=11) at ../sysdeps/unix/sysv/linux/pthread_kill.c:62
#1  0x00007fa7f77f6bdd in omrdump_create (portLibrary=0x7fa7fccdb360 <j9portLibrary>, 
    filename=0x7fa7fd4dbf80 <memoryCheck_wrapper_free_memory+4240> "/Volume2/mingyuanwu/runJVMs/junit/junit2021-2/RuleChain-6-test/", dumpType=<optimized out>, userData=<optimized out>) at ../../../../../../omr/port/unix/omrosdump.c:188
#2  0x00007fa7f6acf212 in doSystemDump (agent=0x7fa7f8039160, 
    label=0x7fa7fd4dbf80 <memoryCheck_wrapper_free_memory+4240> "/Volume2/mingyuanwu/runJVMs/junit/junit2021-2/RuleChain-6-test/", context=0x7fa7fd4dc440 <memoryCheck_wrapper_allocate_memory+800>)
    at ../../../../../openj9/runtime/rasdump/dmpagent.c:751
#3  0x00007fa7f6acb005 in protectedDumpFunction (portLibrary=portLibrary@entry=0x7fa7fccdb360 <j9portLibrary>, 
    userData=userData@entry=0x7fa7fd4dbee0 <memoryCheck_wrapper_free_memory+4080>)
    at ../../../../../openj9/runtime/rasdump/dmpagent.c:2904
#4  0x00007fa7f77f8683 in omrsig_protect (portLibrary=0x7fa7fccdb360 <j9portLibrary>, 
    fn=0x7fa7f6acaff0 <protectedDumpFunction>, fn_arg=0x7fa7fd4dbee0 <memoryCheck_wrapper_free_memory+4080>, 
    handler=0x7fa7f6acb010 <signalHandler>, handler_arg=0x0, flags=505, 
    result=0x7fa7fd4dbed8 <memoryCheck_wrapper_free_memory+4072>) at ../../../../../../omr/port/unix/omrsignal.c:425
#5  0x00007fa7f6ace67b in runDumpFunction (agent=<optimized out>, 
    label=0x7fa7fd4dbf80 <memoryCheck_wrapper_free_memory+4240> "/Volume2/mingyuanwu/runJVMs/junit/junit2021-2/RuleChain-6-test/", context=<optimized out>) at ../../../../../openj9/runtime/rasdump/dmpagent.c:2878
#6  0x00007fa7f6ace80f in runDumpAgent (vm=vm@entry=0x7fa7f80229d0, agent=agent@entry=0x7fa7f8039160, 
    context=context@entry=0x7fa7fd4dc440 <memoryCheck_wrapper_allocate_memory+800>, 
    state=state@entry=0x7fa7fd4dc438 <memoryCheck_wrapper_allocate_memory+792>, 
    detail=detail@entry=0x7fa7fd4dc4c0 <memoryCheck_wrapper_allocate_memory+928> "", timeNow=timeNow@entry=1611209894468)
    at ../../../../../openj9/runtime/rasdump/dmpagent.c:2804
#7  0x00007fa7f6ae65fb in triggerDumpAgents (vm=0x7fa7f80229d0, self=0x45d00, eventFlags=8192, eventData=<optimized out>)
    at ../../../../../openj9/runtime/rasdump/trigger.c:1045
#8  0x00007fa7f7a8c512 in generateDiagnosticFiles (portLibrary=portLibrary@entry=0x7fa7fccdb360 <j9portLibrary>, 
    userData=userData@entry=0x7fa7fd4dc9a0 <memoryCheck_wrapper_allocate_memory+2176>)
    at ../../../../../openj9/runtime/vm/gphandle.c:1173
#9  0x00007fa7f77f8683 in omrsig_protect (portLibrary=0x7fa7fccdb360 <j9portLibrary>, 
    fn=0x7fa7f7a8c430 <generateDiagnosticFiles>, fn_arg=0x7fa7fd4dc9a0 <memoryCheck_wrapper_allocate_memory+2176>, 
    handler=0x7fa7f7a8baf0 <recursiveCrashHandler>, handler_arg=0x7fa7fd4dc970 <memoryCheck_wrapper_allocate_memory+2128>, 
    flags=505, result=0x7fa7fd4dc968 <memoryCheck_wrapper_allocate_memory+2120>)
    at ../../../../../../omr/port/unix/omrsignal.c:425
#10 0x00007fa7f7a8c725 in vmSignalHandler (portLibrary=0x7fa7fccdb360 <j9portLibrary>, gpType=24, gpInfo=<optimized out>, 
    userData=<optimized out>) at ../../../../../openj9/runtime/vm/gphandle.c:844
#11 0x00007fa7f77f7b4a in mainSynchSignalHandler (signal=11, sigInfo=0x7fa7fd4ddc30 <memoryCheck_initialize+704>, 
    contextInfo=0x7fa7fd4ddb00 <memoryCheck_initialize+400>) at ../../../../../../omr/port/unix/omrsignal.c:1066
#12 <signal handler called>
   0x00007fa7fdee6390 <__restore_rt+0>:	48 c7 c0 0f 00 00 00	mov    $0xf,%rax
--Type <RET> for more, q to quit, c to continue without paging--
#13 0x00007fa7f7adccf4 in VM_ObjectMonitorCompressed::inlineFastObjectMonitorEnter (object=<optimized out>, 
    currentThread=<optimized out>) at ../../../../../openj9/runtime/oti/ObjectMonitor.hpp:280
#14 VM_BytecodeInterpreterCompressed::enterObjectMonitor (obj=<optimized out>, _pc=<optimized out>, _sp=<optimized out>, 
    this=<optimized out>) at ../../../../../openj9/runtime/vm/BytecodeInterpreter.hpp:1106
#15 VM_BytecodeInterpreterCompressed::monitorenter (_pc=<optimized out>, _sp=<optimized out>, this=<optimized out>)
    at ../../../../../openj9/runtime/vm/BytecodeInterpreter.hpp:7673
#16 VM_BytecodeInterpreterCompressed::run (this=0x7fa7fd4de440 <memoryCheck_initialize+2768>, vmThread=0x939a0)
    at ../../../../../openj9/runtime/vm/BytecodeInterpreter.hpp:10212
#17 0x00007fa7f7ad3d90 in bytecodeLoopCompressed (currentThread=<optimized out>)
    at ../../../../../openj9/runtime/vm/BytecodeInterpreter.inc:110
#18 0x00007fa7f7b2a4b2 in c_cInterpreter ()
    at /home/adoptopenjdk/workspace/build-scripts/jobs/jdk11u/jdk11u-linux-x64-openj9/workspace/build/src/build/linux-x86_64-normal-server-release/vm/runtime/vm/xcinterp.s:160
#19 0x00007fa7f7a738db in sidecarInvokeReflectConstructorImpl (currentThread=0x7fffb3390, currentThread@entry=0x45d00, 
    constructorRef=<optimized out>, recevierRef=<optimized out>, argsRef=0x14dd00)
    at ../../../../../openj9/runtime/vm/callin.cpp:1253
#20 0x00007fa7f7a74135 in sidecarInvokeReflectConstructor (currentThread=0x45d00, constructorRef=<optimized out>, 
    recevierRef=<optimized out>, argsRef=<optimized out>) at ../../../../../openj9/runtime/vm/callin.cpp:1301
#21 0x00007fa7f4380234 in JVM_NewInstanceFromConstructor_Impl (env=0x45d00, c=0x13b178, args=0x13b1a0)
    at ../../../../../openj9/runtime/sunvmi/sunvmi.c:331
#22 0x00007fa7bd1c3c86 in ?? ()
#23 0x00000007fffa74e8 in ?? ()
#24 0x0000000000045d00 in ?? ()
#25 0x0000000000045d00 in ?? ()
#26 0x00007fa7fd4de870 in memoryCheck_parseCmdLine (j9portLibrary=0x7fffa74e8, lastLegalArg=<optimized out>, argv=0xc2)
    at ../../../../../openj9/runtime/exelib/common/memcheck.c:2559
#27 0x00000000000a3230 in ?? ()
#28 0x00007fa7f7bba450 in ?? () from /root/home/ahuo/issues_triage/issue_11725/jdk-11.0.9+11/lib/compressedrefs/libj9vm29.so
#29 0x00000000002d6888 in ?? ()
#30 0x00000000001e0002 in ?? ()
#31 0x00007fa7854fed08 in ?? ()
#32 0x000000000013b218 in ?? ()
#33 0x00007fa7f7a88870 in ?? () at ../../../../../openj9/runtime/oti/VMHelpers.hpp:616
   from /root/home/ahuo/issues_triage/issue_11725/jdk-11.0.9+11/lib/compressedrefs/libj9vm29.so
#34 0x00000001c00aa558 in ?? ()
#35 0x00000007fffa82b8 in ?? ()
#36 0x00000007fffa74e8 in ?? ()
#37 0x00000007fffa7938 in ?? ()
#38 0x00000007fffa8300 in ?? ()
--Type <RET> for more, q to quit, c to continue without paging--
#39 0x0000000000000000 in ?? ()

(gdb) fr 13
#13 0x00007fa7f7adccf4 in VM_ObjectMonitorCompressed::inlineFastObjectMonitorEnter (object=<optimized out>, 
    currentThread=<optimized out>) at ../../../../../openj9/runtime/oti/ObjectMonitor.hpp:280
280			bool locked = false;
   0x00007fa7f7adccf2 <VM_BytecodeInterpreterCompressed::run(J9VMThread*)+36690>:	30 c0	xor    %al,%al
=> 0x00007fa7f7adccf4 <VM_BytecodeInterpreterCompressed::run(J9VMThread*)+36692>:	48 8b 90 d8 00 00 00	mov    0xd8(%rax),%rdx
   0x00007fa7f7adccfb <VM_BytecodeInterpreterCompressed::run(J9VMThread*)+36699>:	48 85 d2	test   %rdx,%rdx
   0x00007fa7f7adccfe <VM_BytecodeInterpreterCompressed::run(J9VMThread*)+36702>:	78 14	js     0x7fa7f7adcd14 <VM_BytecodeInterpreterCompressed::run(J9VMThread*)+36724>

(gdb) info reg rax
rax            0x854a4400          2236236800
```

[3]
```
> !gpinfo
Failing Thread: !j9vmthread 0x45d00
Failing Thread ID: 0x13d70 (81264)
gpInfo:
J9Generic_Signal_Number=00000018 Signal_Number=0000000b Error_Value=00000000 Signal_Code=00000001
Handler1=00007FA7F7A8C970 Handler2=00007FA7F77F7920 InaccessibleAddress=00000000854A44D8
RDI=0000000008000000 RSI=00000000000939A0 RAX=00000000854A4400 RBX=0000000000045D00
RCX=00000000000939C0 RDX=00000000000000C2 R8=00000001C0041F88 R9=0000000000000000
R10=0000000000104F00 R11=0000000000000001 R12=000000000013AF18 R13=000000000013AF20
R14=00007FA785537403 R15=00007FA7FD4DE440
RIP=00007FA7F7ADCCF4 GS=0000 FS=0000 RSP=00007FA7FD4DE0C0
EFlags=0000000000010246 CS=0033 RBP=00000000000939C0 ERR=0000000000000004
TRAPNO=000000000000000E OLDMASK=0000000000000000 CR2=00000000854A44D8
xmm0 0000000000000005 (f: 5.000000, d: 2.470328e-323)
xmm1 0000000000000000 (f: 0.000000, d: 0.000000e+00)
xmm2 00007fa7fd4de470 (f: 4249740288.000000, d: 6.934680e-310)
xmm3 7261206e69616843 (f: 1767991424.000000, d: 9.136078e+242)
xmm4 722e74696e756a2e (f: 1853188608.000000, d: 1.015363e+242)
xmm5 203e29656c755274 (f: 1819628160.000000, d: 2.249563e-153)
xmm6 0000000700000001 (f: 1.000000, d: 1.485397e-313)
xmm7 00000001c0042168 (f: 3221496064.000000, d: 3.713626e-314)
xmm8 65542e73656c7572 (f: 1701606784.000000, d: 1.308488e+180)
xmm9 7845202a2a2a2a20 (f: 707406336.000000, d: 2.232112e+271)
xmm10 2a2a2a203a656e69 (f: 979725952.000000, d: 1.426018e-105)
xmm11 616963657073202a (f: 1886593024.000000, d: 1.784682e+161)
xmm12 67726f3c2e357224 (f: 775254592.000000, d: 2.053378e+190)
xmm13 6c75522e73656c75 (f: 1936026752.000000, d: 2.871078e+214)
xmm14 6e693c2064696f76 (f: 1684631424.000000, d: 7.297395e+223)
xmm15 694c2e6c6974752e (f: 1769239808.000000, d: 1.685267e+199)
Module=/Volume2/mingyuanwu/JVMs/j9-11.0.9+11/lib/compressedrefs/libj9vm29.so
Module_base_address=00007FA7F7A58000

1XMCURTHDINFO  Current thread
3XMTHREADINFO      "main" J9VMThread:0x0000000000045D00, omrthread_t:0x00007FA7F801B8E0, java/lang/Thread:0x00000001C0040788, state:R, prio=5
3XMJAVALTHREAD            (java/lang/Thread getId:0x1, isDaemon:false)
3XMTHREADINFO1            (native thread ID:0x13D70, native priority:0x5, native policy:UNKNOWN, vmstate:R, vm thread flags:0x00000020)
3XMTHREADINFO2            (native stack address range from:0x00007FA7FCCDF000, to:0x00007FA7FD4E0000, size:0x801000)
3XMCPUTIME               CPU usage total: 0.800154365 secs, current category="Application"
3XMHEAPALLOC             Heap bytes allocated since last GC cycle=703824 (0xABD50)
3XMTHREADINFO3           Java callstack:
4XESTACKTRACE                at java/lang/Throwable.<init>(Throwable.java:89)
4XESTACKTRACE                at java/lang/Throwable.<init>(Throwable.java:101)
4XESTACKTRACE                at java/lang/Exception.<init>(Exception.java:66)
4XESTACKTRACE                at java/lang/RuntimeException.<init>(RuntimeException.java:62)
4XESTACKTRACE                at java/lang/NullPointerException.<init>(NullPointerException.java:70)
4XESTACKTRACE                at org/junit/rules/RuleChain.around(RuleChain.java:99)
4XESTACKTRACE                at org/junit/rules/RuleChain.outerRule(RuleChain.java:82)
4XESTACKTRACE                at org/junit/rules/RuleChainTest$UseRuleChain.<init>(RuleChainTest.java:48)
4XESTACKTRACE                at jdk/internal/reflect/NativeConstructorAccessorImpl.newInstance0(Native Method)
4XESTACKTRACE                at jdk/internal/reflect/NativeConstructorAccessorImpl.newInstance(NativeConstructorAccessorImpl.java:62(Compiled Code))
4XESTACKTRACE                at jdk/internal/reflect/DelegatingConstructorAccessorImpl.newInstance(DelegatingConstructorAccessorImpl.java:45(Compiled Code))
4XESTACKTRACE                at java/lang/reflect/Constructor.newInstance(Constructor.java:490(Compiled Code))
4XESTACKTRACE                at org/junit/runners/BlockJUnit4ClassRunner.createTest(BlockJUnit4ClassRunner.java:250)
4XESTACKTRACE                at org/junit/runners/BlockJUnit4ClassRunner.createTest(BlockJUnit4ClassRunner.java:260)
4XESTACKTRACE                at org/junit/runners/BlockJUnit4ClassRunner$2.runReflectiveCall(BlockJUnit4ClassRunner.java:309)
4XESTACKTRACE                at org/junit/internal/runners/model/ReflectiveCallable.run(ReflectiveCallable.java:12)
4XESTACKTRACE                at org/junit/runners/BlockJUnit4ClassRunner.methodBlock(BlockJUnit4ClassRunner.java:311)
4XESTACKTRACE                at org/junit/runners/BlockJUnit4ClassRunner$1.evaluate(BlockJUnit4ClassRunner.java:100)
4XESTACKTRACE                at org/junit/runners/ParentRunner.runLeaf(ParentRunner.java:366)
4XESTACKTRACE                at org/junit/runners/BlockJUnit4ClassRunner.runChild(BlockJUnit4ClassRunner.java:103)
4XESTACKTRACE                at org/junit/runners/BlockJUnit4ClassRunner.runChild(BlockJUnit4ClassRunner.java:63)
4XESTACKTRACE                at org/junit/runners/ParentRunner$4.run(ParentRunner.java:331)
4XESTACKTRACE                at org/junit/runners/ParentRunner$1.schedule(ParentRunner.java:79)
4XESTACKTRACE                at org/junit/runners/ParentRunner.runChildren(ParentRunner.java:329)
4XESTACKTRACE                at org/junit/runners/ParentRunner.access$100(ParentRunner.java:66)
4XESTACKTRACE                at org/junit/runners/ParentRunner$2.evaluate(ParentRunner.java:293)
4XESTACKTRACE                at org/junit/runners/ParentRunner$3.evaluate(ParentRunner.java:306)
4XESTACKTRACE                at org/junit/runners/ParentRunner.run(ParentRunner.java:413)
4XESTACKTRACE                at org/junit/runner/JUnitCore.run(JUnitCore.java:137)
4XESTACKTRACE                at org/junit/runner/JUnitCore.run(JUnitCore.java:115)
4XESTACKTRACE                at org/junit/experimental/results/PrintableResult.testResult(PrintableResult.java:36)
4XESTACKTRACE                at org/junit/experimental/results/PrintableResult.testResult(PrintableResult.java:29)
4XESTACKTRACE                at org/junit/rules/RuleChainTest.executeRulesInCorrectOrder(RuleChainTest.java:60)
4XESTACKTRACE                at jdk/internal/reflect/NativeMethodAccessorImpl.invoke0(Native Method)
4XESTACKTRACE                at jdk/internal/reflect/NativeMethodAccessorImpl.invoke(NativeMethodAccessorImpl.java:62)
4XESTACKTRACE                at jdk/internal/reflect/DelegatingMethodAccessorImpl.invoke(DelegatingMethodAccessorImpl.java:43(Compiled Code))
4XESTACKTRACE                at java/lang/reflect/Method.invoke(Method.java:566(Compiled Code))
4XESTACKTRACE                at org/junit/runners/model/FrameworkMethod$1.runReflectiveCall(FrameworkMethod.java:59)
4XESTACKTRACE                at org/junit/internal/runners/model/ReflectiveCallable.run(ReflectiveCallable.java:12)
4XESTACKTRACE                at org/junit/runners/model/FrameworkMethod.invokeExplosively(FrameworkMethod.java:61)
4XESTACKTRACE                at org/junit/internal/runners/statements/InvokeMethod.evaluate(InvokeMethod.java:17)
4XESTACKTRACE                at org/junit/runners/ParentRunner$3.evaluate(ParentRunner.java:306)
4XESTACKTRACE                at org/junit/runners/BlockJUnit4ClassRunner$1.evaluate(BlockJUnit4ClassRunner.java:100)
4XESTACKTRACE                at org/junit/runners/ParentRunner.runLeaf(ParentRunner.java:366)
4XESTACKTRACE                at org/junit/runners/BlockJUnit4ClassRunner.runChild(BlockJUnit4ClassRunner.java:103)
4XESTACKTRACE                at org/junit/runners/BlockJUnit4ClassRunner.runChild(BlockJUnit4ClassRunner.java:63)
4XESTACKTRACE                at org/junit/runners/ParentRunner$4.run(ParentRunner.java:331)
4XESTACKTRACE                at org/junit/runners/ParentRunner$1.schedule(ParentRunner.java:79)
4XESTACKTRACE                at org/junit/runners/ParentRunner.runChildren(ParentRunner.java:329)
4XESTACKTRACE                at org/junit/runners/ParentRunner.access$100(ParentRunner.java:66)
4XESTACKTRACE                at org/junit/runners/ParentRunner$2.evaluate(ParentRunner.java:293)
4XESTACKTRACE                at org/junit/runners/ParentRunner$3.evaluate(ParentRunner.java:306)
4XESTACKTRACE                at org/junit/runners/ParentRunner.run(ParentRunner.java:413)
4XESTACKTRACE                at org/junit/runners/Suite.runChild(Suite.java:128)
4XESTACKTRACE                at org/junit/runners/Suite.runChild(Suite.java:27)
4XESTACKTRACE                at org/junit/runners/ParentRunner$4.run(ParentRunner.java:331)
4XESTACKTRACE                at org/junit/runners/ParentRunner$1.schedule(ParentRunner.java:79)
4XESTACKTRACE                at org/junit/runners/ParentRunner.runChildren(ParentRunner.java:329)
4XESTACKTRACE                at org/junit/runners/ParentRunner.access$100(ParentRunner.java:66)
4XESTACKTRACE                at org/junit/runners/ParentRunner$2.evaluate(ParentRunner.java:293)
4XESTACKTRACE                at org/junit/runners/ParentRunner$3.evaluate(ParentRunner.java:306)
4XESTACKTRACE                at org/junit/runners/ParentRunner.run(ParentRunner.java:413)
4XESTACKTRACE                at org/junit/runner/JUnitCore.run(JUnitCore.java:137)
4XESTACKTRACE                at org/junit/runner/JUnitCore.run(JUnitCore.java:115)
4XESTACKTRACE                at org/junit/runner/JUnitCore.runMain(JUnitCore.java:77)
4XESTACKTRACE                at org/junit/runner/JUnitCore.main(JUnitCore.java:36)

```

**Comment by a7ehuo** [comment]
@gacholio Wondering if you could help take a look at the above finding mentioned in https://github.com/eclipse/openj9/issues/11725#issuecomment-781691177? Is it possible that it might be related to #11683 since the java stack backtrace is much alike? Is there anything else that I could check in the log files? Is it worth for @fuzzy000 to try executing the test file with '-Xint'?

**Comment by gacholio** [comment]
I don't think it's related to #11683 as that was an intentionally bad class file which tripped up the verifier, unless that's also in play here @fuzzy000 

Can you get a full `!stackslots` from DDR to see what's been compiled and what has not?

**Comment by a7ehuo** [comment]
>Can you get a full !stackslots from DDR to see what's been compiled and what has not? 

@gacholio `!stackslots` is already attached to the above comment https://github.com/eclipse/openj9/issues/11725#issuecomment-781691177. 
> Attach stackslots dump from the failing thread 0x45d00 here stackslots_0x00045d00.log

Extracting out the frames and methods below.  

```
~/Desktop$ grep -e "frame: bp = " -e "Method: " stackslots_0x00045d00.log 
<45d00> Bytecode frame: bp = 0x000000000013AF60, sp = 0x000000000013AF40, pc = 0x00007FA7854A4479, cp = 0x0000000000093280, arg0EA = 0x000000000013AF68, flags = 0x0000000000000000
<45d00> 	Method: java/lang/Throwable.<init>()V !j9method 0x00000000000939A0
<45d00> Bytecode frame: bp = 0x000000000013AF80, sp = 0x000000000013AF70, pc = 0x00007FA7854A44A9, cp = 0x0000000000093280, arg0EA = 0x000000000013AF90, flags = 0x0000000000000000
<45d00> 	Method: java/lang/Throwable.<init>(Ljava/lang/String;)V !j9method 0x00000000000939C0
<45d00> Bytecode frame: bp = 0x000000000013AFA8, sp = 0x000000000013AF98, pc = 0x00007FA7854A629A, cp = 0x0000000000092BF0, arg0EA = 0x000000000013AFB8, flags = 0x0000000000000000
<45d00> 	Method: java/lang/Exception.<init>(Ljava/lang/String;)V !j9method 0x0000000000090DF8
<45d00> Bytecode frame: bp = 0x000000000013AFD0, sp = 0x000000000013AFC0, pc = 0x00007FA7854A68E2, cp = 0x0000000000072BA0, arg0EA = 0x000000000013AFE0, flags = 0x0000000000000000
<45d00> 	Method: java/lang/RuntimeException.<init>(Ljava/lang/String;)V !j9method 0x0000000000095F48
<45d00> Bytecode frame: bp = 0x000000000013AFF8, sp = 0x000000000013AFE8, pc = 0x00007FA7854A6752, cp = 0x0000000000096010, arg0EA = 0x000000000013B008, flags = 0x0000000000000000
<45d00> 	Method: java/lang/NullPointerException.<init>(Ljava/lang/String;)V !j9method 0x0000000000095FF0
<45d00> Bytecode frame: bp = 0x000000000013B020, sp = 0x000000000013B010, pc = 0x00007FA7B4B47DF9, cp = 0x00000000003250C0, arg0EA = 0x000000000013B068, flags = 0x0000000000000000
<45d00> 	Method: org/junit/rules/RuleChain.around(Lorg/junit/rules/TestRule;)Lorg/junit/rules/RuleChain; !j9method 0x0000000000325628
<45d00> Bytecode frame: bp = 0x000000000013B080, sp = 0x000000000013B070, pc = 0x00007FA7B4B47D57, cp = 0x00000000003250C0, arg0EA = 0x000000000013B0B0, flags = 0x0000000000000000
<45d00> 	Method: org/junit/rules/RuleChain.outerRule(Lorg/junit/rules/TestRule;)Lorg/junit/rules/RuleChain; !j9method 0x00000000003255E8
<45d00> Bytecode frame: bp = 0x000000000013B0D0, sp = 0x000000000013B0B8, pc = 0x00007FA7B4B4A37A, cp = 0x000000000034B5C0, arg0EA = 0x000000000013B0D8, flags = 0x0000000000000000
<45d00> 	Method: org/junit/rules/RuleChainTest$UseRuleChain.<init>()V !j9method 0x000000000034B6D8
<45d00> JNI call-in frame: bp = 0x000000000013B100, sp = 0x000000000013B0E0, pc = 0x00007FA7F7BAAF0C, cp = 0x0000000000000000, arg0EA = 0x000000000013B100, flags = 0x0000000000020000
<45d00> JIT JNI call-out frame: bp = 0x000000000013B138, sp = 0x000000000013B108, pc = 0x0000000000000006, cp = 0x00000000002FD8C0, arg0EA = 0x000000000013B1C0, flags = 0x0000000020000002
<45d00> 	Method: jdk/internal/reflect/NativeConstructorAccessorImpl.newInstance0(Ljava/lang/reflect/Constructor;[Ljava/lang/Object;)Ljava/lang/Object; !j9method 0x00000000002FDA88
<45d00> JIT frame: bp = 0x000000000013B198, pc = 0x00007FA7BD1C3C89, unwindSP = 0x000000000013B140, cp = 0x00000000002FD8C0, arg0EA = 0x000000000013B1A8, jitInfo = 0x00007FA7B6639438
<45d00> 	Method: jdk/internal/reflect/NativeConstructorAccessorImpl.newInstance([Ljava/lang/Object;)Ljava/lang/Object; !j9method 0x00000000002FDA48
<45d00> JIT frame: bp = 0x000000000013B1B8, pc = 0x00007FA7BD1C3A48, unwindSP = 0x000000000013B1A0, cp = 0x00000000002F4110, arg0EA = 0x000000000013B1C8, jitInfo = 0x00007FA7B66391F8
<45d00> 	Method: jdk/internal/reflect/DelegatingConstructorAccessorImpl.newInstance([Ljava/lang/Object;)Ljava/lang/Object; !j9method 0x00000000002F4640
<45d00> JIT frame: bp = 0x000000000013B218, pc = 0x00007FA7BD1C3564, unwindSP = 0x000000000013B1C0, cp = 0x00000000000A3230, arg0EA = 0x000000000013B228, jitInfo = 0x00007FA7B6638EF8
<45d00> 	Method: java/lang/reflect/Constructor.newInstance([Ljava/lang/Object;)Ljava/lang/Object; !j9method 0x00000000000A3CB0
<45d00> Bytecode frame: bp = 0x000000000013B248, sp = 0x000000000013B238, pc = 0x00007FA7B4CB4B33, cp = 0x00000000002D5830, arg0EA = 0x000000000013B250, flags = 0x0000000000000000
<45d00> 	Method: org/junit/runners/BlockJUnit4ClassRunner.createTest()Ljava/lang/Object; !j9method 0x00000000002D6888
<45d00> Bytecode frame: bp = 0x000000000013B268, sp = 0x000000000013B258, pc = 0x00007FA7B4CB4B65, cp = 0x00000000002D5830, arg0EA = 0x000000000013B278, flags = 0x0000000000000000
<45d00> 	Method: org/junit/runners/BlockJUnit4ClassRunner.createTest(Lorg/junit/runners/model/FrameworkMethod;)Ljava/lang/Object; !j9method 0x00000000002D68A8
<45d00> Bytecode frame: bp = 0x000000000013B290, sp = 0x000000000013B280, pc = 0x00007FA7B4B471F0, cp = 0x00000000003246C0, arg0EA = 0x000000000013B298, flags = 0x0000000000000000
<45d00> 	Method: org/junit/runners/BlockJUnit4ClassRunner$2.runReflectiveCall()Ljava/lang/Object; !j9method 0x0000000000324768
<45d00> Bytecode frame: bp = 0x000000000013B2B0, sp = 0x000000000013B2A0, pc = 0x00007FA7B4B473B9, cp = 0x00000000003243C0, arg0EA = 0x000000000013B2C0, flags = 0x0000000000000000
<45d00> 	Method: org/junit/internal/runners/model/ReflectiveCallable.run()Ljava/lang/Object; !j9method 0x0000000000324458
<45d00> Bytecode frame: bp = 0x000000000013B2D8, sp = 0x000000000013B2C8, pc = 0x00007FA7B4CB4BCD, cp = 0x00000000002D5830, arg0EA = 0x000000000013B2F8, flags = 0x0000000000000000
<45d00> 	Method: org/junit/runners/BlockJUnit4ClassRunner.methodBlock(Lorg/junit/runners/model/FrameworkMethod;)Lorg/junit/runners/model/Statement; !j9method 0x00000000002D68E8
<45d00> Bytecode frame: bp = 0x000000000013B310, sp = 0x000000000013B300, pc = 0x00007FA7B4CB8518, cp = 0x00000000002D9300, arg0EA = 0x000000000013B318, flags = 0x0000000000000000
<45d00> 	Method: org/junit/runners/BlockJUnit4ClassRunner$1.evaluate()V !j9method 0x00000000002D9010
<45d00> Bytecode frame: bp = 0x000000000013B330, sp = 0x000000000013B320, pc = 0x00007FA7B4CAA4A5, cp = 0x0000000000291EE0, arg0EA = 0x000000000013B368, flags = 0x0000000000000000
<45d00> 	Method: org/junit/runners/ParentRunner.runLeaf(Lorg/junit/runners/model/Statement;Lorg/junit/runner/Description;Lorg/junit/runner/notification/RunNotifier;)V !j9method 0x0000000000292AF8
<45d00> Bytecode frame: bp = 0x000000000013B380, sp = 0x000000000013B370, pc = 0x00007FA7B4CB46DE, cp = 0x00000000002D5830, arg0EA = 0x000000000013B3A8, flags = 0x0000000000000000
<45d00> 	Method: org/junit/runners/BlockJUnit4ClassRunner.runChild(Lorg/junit/runners/model/FrameworkMethod;Lorg/junit/runner/notification/RunNotifier;)V !j9method 0x00000000002D6688
<45d00> Bytecode frame: bp = 0x000000000013B3C0, sp = 0x000000000013B3B0, pc = 0x00007FA7B4CB502E, cp = 0x00000000002D5830, arg0EA = 0x000000000013B3D8, flags = 0x0000000000000000
<45d00> 	Method: org/junit/runners/BlockJUnit4ClassRunner.runChild(Ljava/lang/Object;Lorg/junit/runner/notification/RunNotifier;)V !j9method 0x00000000002D6A68
<45d00> Bytecode frame: bp = 0x000000000013B3F0, sp = 0x000000000013B3E0, pc = 0x00007FA7B4B46E70, cp = 0x0000000000323DC0, arg0EA = 0x000000000013B3F8, flags = 0x0000000000000000
<45d00> 	Method: org/junit/runners/ParentRunner$4.run()V !j9method 0x0000000000323378
<45d00> Bytecode frame: bp = 0x000000000013B410, sp = 0x000000000013B400, pc = 0x00007FA7B4CBF567, cp = 0x00000000002E01C0, arg0EA = 0x000000000013B420, flags = 0x0000000000000000
<45d00> 	Method: org/junit/runners/ParentRunner$1.schedule(Ljava/lang/Runnable;)V !j9method 0x00000000002E0268
<45d00> Bytecode frame: bp = 0x000000000013B438, sp = 0x000000000013B428, pc = 0x00007FA7B4CAA3CA, cp = 0x0000000000291EE0, arg0EA = 0x000000000013B468, flags = 0x0000000000000000
<45d00> 	Method: org/junit/runners/ParentRunner.runChildren(Lorg/junit/runner/notification/RunNotifier;)V !j9method 0x0000000000292A98
<45d00> Bytecode frame: bp = 0x000000000013B480, sp = 0x000000000013B470, pc = 0x00007FA7B4CAABFE, cp = 0x0000000000291EE0, arg0EA = 0x000000000013B490, flags = 0x0000000000000000
<45d00> 	Method: org/junit/runners/ParentRunner.access$100(Lorg/junit/runners/ParentRunner;Lorg/junit/runner/notification/RunNotifier;)V !j9method 0x0000000000292C98
<45d00> Bytecode frame: bp = 0x000000000013B4A8, sp = 0x000000000013B498, pc = 0x00007FA7B4CAFE58, cp = 0x00000000002A0CC0, arg0EA = 0x000000000013B4B0, flags = 0x0000000000000000
<45d00> 	Method: org/junit/runners/ParentRunner$2.evaluate()V !j9method 0x00000000002A0D68
<45d00> Bytecode frame: bp = 0x000000000013B4C8, sp = 0x000000000013B4B8, pc = 0x00007FA7B4CB004C, cp = 0x00000000002A0FC0, arg0EA = 0x000000000013B4D8, flags = 0x0000000000000000
<45d00> 	Method: org/junit/runners/ParentRunner$3.evaluate()V !j9method 0x00000000002A1088
<45d00> Bytecode frame: bp = 0x000000000013B4F0, sp = 0x000000000013B4E0, pc = 0x00007FA7B4CAA648, cp = 0x0000000000291EE0, arg0EA = 0x000000000013B518, flags = 0x0000000000000000
<45d00> 	Method: org/junit/runners/ParentRunner.run(Lorg/junit/runner/notification/RunNotifier;)V !j9method 0x0000000000292B58
<45d00> Bytecode frame: bp = 0x000000000013B530, sp = 0x000000000013B520, pc = 0x00007FA7B4CA1605, cp = 0x000000000028B180, arg0EA = 0x000000000013B558, flags = 0x0000000000000000
<45d00> 	Method: org/junit/runner/JUnitCore.run(Lorg/junit/runner/Runner;)Lorg/junit/runner/Result; !j9method 0x000000000028B948
<45d00> Bytecode frame: bp = 0x000000000013B570, sp = 0x000000000013B560, pc = 0x00007FA7B4CA1581, cp = 0x000000000028B180, arg0EA = 0x000000000013B580, flags = 0x0000000000000000
<45d00> 	Method: org/junit/runner/JUnitCore.run(Lorg/junit/runner/Request;)Lorg/junit/runner/Result; !j9method 0x000000000028B908
<45d00> Bytecode frame: bp = 0x000000000013B5A8, sp = 0x000000000013B588, pc = 0x00007FA7B4B4A6AC, cp = 0x000000000034B9C0, arg0EA = 0x000000000013B5B0, flags = 0x0000000000000000
<45d00> 	Method: org/junit/experimental/results/PrintableResult.testResult(Lorg/junit/runner/Request;)Lorg/junit/experimental/results/PrintableResult; !j9method 0x000000000034BB98
<45d00> Bytecode frame: bp = 0x000000000013B5C8, sp = 0x000000000013B5B8, pc = 0x00007FA7B4B4A674, cp = 0x000000000034B9C0, arg0EA = 0x000000000013B5D0, flags = 0x0000000000000000
<45d00> 	Method: org/junit/experimental/results/PrintableResult.testResult(Ljava/lang/Class;)Lorg/junit/experimental/results/PrintableResult; !j9method 0x000000000034BB78
<45d00> Bytecode frame: bp = 0x000000000013B5E8, sp = 0x000000000013B5D8, pc = 0x00007FA7B4CA71DE, cp = 0x0000000000290870, arg0EA = 0x000000000013B5F8, flags = 0x0000000000000000
<45d00> 	Method: org/junit/rules/RuleChainTest.executeRulesInCorrectOrder()V !j9method 0x0000000000290DF0
<45d00> JNI call-in frame: bp = 0x000000000013B620, sp = 0x000000000013B600, pc = 0x00007FA7F7BAAF0C, cp = 0x0000000000000000, arg0EA = 0x000000000013B620, flags = 0x0000000000030000
<45d00> JIT JNI call-out frame: bp = 0x000000000013B648, sp = 0x000000000013B628, pc = 0x0000000000000006, cp = 0x000000000026DDC0, arg0EA = 0x000000000013B750, flags = 0x0000000020000000
<45d00> 	Method: jdk/internal/reflect/NativeMethodAccessorImpl.invoke0(Ljava/lang/reflect/Method;Ljava/lang/Object;[Ljava/lang/Object;)Ljava/lang/Object; !j9method 0x000000000026B290
<45d00> JIT frame: bp = 0x000000000013B688, pc = 0x00007FA7BD0F55CD, unwindSP = 0x000000000013B650, cp = 0x000000000026DDC0, arg0EA = 0x000000000013B6A0, jitInfo = 0x00007FA7B65C7C78
<45d00> 	Method: jdk/internal/reflect/NativeMethodAccessorImpl.invoke0(Ljava/lang/reflect/Method;Ljava/lang/Object;[Ljava/lang/Object;)Ljava/lang/Object; !j9method 0x000000000026B290
<45d00> J2I frame: bp = 0x000000000013B730, sp = 0x000000000013B6B0, pc = 0x00007FA7855E24E0, cp = 0x000000000026DDC0, arg0EA = 0x000000000013B750, flags = 0x0000000010000000
<45d00> 	Method: jdk/internal/reflect/NativeMethodAccessorImpl.invoke(Ljava/lang/Object;[Ljava/lang/Object;)Ljava/lang/Object; !j9method 0x000000000026B250
<45d00> JIT frame: bp = 0x000000000013B758, pc = 0x00007FA7BD14A827, unwindSP = 0x000000000013B740, cp = 0x000000000026E1C0, arg0EA = 0x000000000013B770, jitInfo = 0x00007FA7B65F6478
<45d00> 	Method: jdk/internal/reflect/DelegatingMethodAccessorImpl.invoke(Ljava/lang/Object;[Ljava/lang/Object;)Ljava/lang/Object; !j9method 0x000000000026E258
<45d00> JIT frame: bp = 0x000000000013B7B8, pc = 0x00007FA7BD14A27C, unwindSP = 0x000000000013B760, cp = 0x00000000000A1D70, arg0EA = 0x000000000013B7D0, jitInfo = 0x00007FA7B65F61B8
<45d00> 	Method: java/lang/reflect/Method.invoke(Ljava/lang/Object;[Ljava/lang/Object;)Ljava/lang/Object; !j9method 0x00000000000A3030
<45d00> Bytecode frame: bp = 0x000000000013B7F0, sp = 0x000000000013B7E0, pc = 0x00007FA7B4B479E7, cp = 0x0000000000324FC0, arg0EA = 0x000000000013B7F8, flags = 0x0000000000000000
<45d00> 	Method: org/junit/runners/model/FrameworkMethod$1.runReflectiveCall()Ljava/lang/Object; !j9method 0x0000000000325098
<45d00> Bytecode frame: bp = 0x000000000013B810, sp = 0x000000000013B800, pc = 0x00007FA7B4B473B9, cp = 0x00000000003243C0, arg0EA = 0x000000000013B820, flags = 0x0000000000000000
<45d00> 	Method: org/junit/internal/runners/model/ReflectiveCallable.run()Ljava/lang/Object; !j9method 0x0000000000324458
<45d00> Bytecode frame: bp = 0x000000000013B838, sp = 0x000000000013B828, pc = 0x00007FA7B4CBCA26, cp = 0x00000000002DC3F0, arg0EA = 0x000000000013B850, flags = 0x0000000000000000
<45d00> 	Method: org/junit/runners/model/FrameworkMethod.invokeExplosively(Ljava/lang/Object;[Ljava/lang/Object;)Ljava/lang/Object; !j9method 0x00000000002DCBA8
<45d00> Bytecode frame: bp = 0x000000000013B868, sp = 0x000000000013B858, pc = 0x00007FA7B4CB88C0, cp = 0x00000000002D9AC0, arg0EA = 0x000000000013B870, flags = 0x0000000000000000
<45d00> 	Method: org/junit/internal/runners/statements/InvokeMethod.evaluate()V !j9method 0x00000000002D9880
<45d00> Bytecode frame: bp = 0x000000000013B888, sp = 0x000000000013B878, pc = 0x00007FA7B4CB004C, cp = 0x00000000002A0FC0, arg0EA = 0x000000000013B898, flags = 0x0000000000000000
<45d00> 	Method: org/junit/runners/ParentRunner$3.evaluate()V !j9method 0x00000000002A1088
<45d00> Bytecode frame: bp = 0x000000000013B8B0, sp = 0x000000000013B8A0, pc = 0x00007FA7B4CB851B, cp = 0x00000000002D9300, arg0EA = 0x000000000013B8B8, flags = 0x0000000000000000
<45d00> 	Method: org/junit/runners/BlockJUnit4ClassRunner$1.evaluate()V !j9method 0x00000000002D9010
<45d00> Bytecode frame: bp = 0x000000000013B8D0, sp = 0x000000000013B8C0, pc = 0x00007FA7B4CAA4A5, cp = 0x0000000000291EE0, arg0EA = 0x000000000013B908, flags = 0x0000000000000000
<45d00> 	Method: org/junit/runners/ParentRunner.runLeaf(Lorg/junit/runners/model/Statement;Lorg/junit/runner/Description;Lorg/junit/runner/notification/RunNotifier;)V !j9method 0x0000000000292AF8
<45d00> Bytecode frame: bp = 0x000000000013B920, sp = 0x000000000013B910, pc = 0x00007FA7B4CB46DE, cp = 0x00000000002D5830, arg0EA = 0x000000000013B948, flags = 0x0000000000000000
<45d00> 	Method: org/junit/runners/BlockJUnit4ClassRunner.runChild(Lorg/junit/runners/model/FrameworkMethod;Lorg/junit/runner/notification/RunNotifier;)V !j9method 0x00000000002D6688
<45d00> Bytecode frame: bp = 0x000000000013B960, sp = 0x000000000013B950, pc = 0x00007FA7B4CB502E, cp = 0x00000000002D5830, arg0EA = 0x000000000013B978, flags = 0x0000000000000000
<45d00> 	Method: org/junit/runners/BlockJUnit4ClassRunner.runChild(Ljava/lang/Object;Lorg/junit/runner/notification/RunNotifier;)V !j9method 0x00000000002D6A68
<45d00> Bytecode frame: bp = 0x000000000013B990, sp = 0x000000000013B980, pc = 0x00007FA7B4B46E70, cp = 0x0000000000323DC0, arg0EA = 0x000000000013B998, flags = 0x0000000000000000
<45d00> 	Method: org/junit/runners/ParentRunner$4.run()V !j9method 0x0000000000323378
<45d00> Bytecode frame: bp = 0x000000000013B9B0, sp = 0x000000000013B9A0, pc = 0x00007FA7B4CBF567, cp = 0x00000000002E01C0, arg0EA = 0x000000000013B9C0, flags = 0x0000000000000000
<45d00> 	Method: org/junit/runners/ParentRunner$1.schedule(Ljava/lang/Runnable;)V !j9method 0x00000000002E0268
<45d00> Bytecode frame: bp = 0x000000000013B9D8, sp = 0x000000000013B9C8, pc = 0x00007FA7B4CAA3CA, cp = 0x0000000000291EE0, arg0EA = 0x000000000013BA08, flags = 0x0000000000000000
<45d00> 	Method: org/junit/runners/ParentRunner.runChildren(Lorg/junit/runner/notification/RunNotifier;)V !j9method 0x0000000000292A98
<45d00> Bytecode frame: bp = 0x000000000013BA20, sp = 0x000000000013BA10, pc = 0x00007FA7B4CAABFE, cp = 0x0000000000291EE0, arg0EA = 0x000000000013BA30, flags = 0x0000000000000000
<45d00> 	Method: org/junit/runners/ParentRunner.access$100(Lorg/junit/runners/ParentRunner;Lorg/junit/runner/notification/RunNotifier;)V !j9method 0x0000000000292C98
<45d00> Bytecode frame: bp = 0x000000000013BA48, sp = 0x000000000013BA38, pc = 0x00007FA7B4CAFE58, cp = 0x00000000002A0CC0, arg0EA = 0x000000000013BA50, flags = 0x0000000000000000
<45d00> 	Method: org/junit/runners/ParentRunner$2.evaluate()V !j9method 0x00000000002A0D68
<45d00> Bytecode frame: bp = 0x000000000013BA68, sp = 0x000000000013BA58, pc = 0x00007FA7B4CB004C, cp = 0x00000000002A0FC0, arg0EA = 0x000000000013BA78, flags = 0x0000000000000000
<45d00> 	Method: org/junit/runners/ParentRunner$3.evaluate()V !j9method 0x00000000002A1088
<45d00> Bytecode frame: bp = 0x000000000013BA90, sp = 0x000000000013BA80, pc = 0x00007FA7B4CAA648, cp = 0x0000000000291EE0, arg0EA = 0x000000000013BAB8, flags = 0x0000000000000000
<45d00> 	Method: org/junit/runners/ParentRunner.run(Lorg/junit/runner/notification/RunNotifier;)V !j9method 0x0000000000292B58
<45d00> Bytecode frame: bp = 0x000000000013BAD0, sp = 0x000000000013BAC0, pc = 0x00007FA7B4CA9072, cp = 0x000000000029C180, arg0EA = 0x000000000013BAE8, flags = 0x0000000000000000
<45d00> 	Method: org/junit/runners/Suite.runChild(Lorg/junit/runner/Runner;Lorg/junit/runner/notification/RunNotifier;)V !j9method 0x000000000029C4D0
<45d00> Bytecode frame: bp = 0x000000000013BB00, sp = 0x000000000013BAF0, pc = 0x00007FA7B4CA90A2, cp = 0x000000000029C180, arg0EA = 0x000000000013BB18, flags = 0x0000000000000000
<45d00> 	Method: org/junit/runners/Suite.runChild(Ljava/lang/Object;Lorg/junit/runner/notification/RunNotifier;)V !j9method 0x000000000029C4F0
<45d00> Bytecode frame: bp = 0x000000000013BB30, sp = 0x000000000013BB20, pc = 0x00007FA7B4B46E70, cp = 0x0000000000323DC0, arg0EA = 0x000000000013BB38, flags = 0x0000000000000000
<45d00> 	Method: org/junit/runners/ParentRunner$4.run()V !j9method 0x0000000000323378
<45d00> Bytecode frame: bp = 0x000000000013BB50, sp = 0x000000000013BB40, pc = 0x00007FA7B4CBF567, cp = 0x00000000002E01C0, arg0EA = 0x000000000013BB60, flags = 0x0000000000000000
<45d00> 	Method: org/junit/runners/ParentRunner$1.schedule(Ljava/lang/Runnable;)V !j9method 0x00000000002E0268
<45d00> Bytecode frame: bp = 0x000000000013BB78, sp = 0x000000000013BB68, pc = 0x00007FA7B4CAA3CA, cp = 0x0000000000291EE0, arg0EA = 0x000000000013BBA8, flags = 0x0000000000000000
<45d00> 	Method: org/junit/runners/ParentRunner.runChildren(Lorg/junit/runner/notification/RunNotifier;)V !j9method 0x0000000000292A98
<45d00> Bytecode frame: bp = 0x000000000013BBC0, sp = 0x000000000013BBB0, pc = 0x00007FA7B4CAABFE, cp = 0x0000000000291EE0, arg0EA = 0x000000000013BBD0, flags = 0x0000000000000000
<45d00> 	Method: org/junit/runners/ParentRunner.access$100(Lorg/junit/runners/ParentRunner;Lorg/junit/runner/notification/RunNotifier;)V !j9method 0x0000000000292C98
<45d00> Bytecode frame: bp = 0x000000000013BBE8, sp = 0x000000000013BBD8, pc = 0x00007FA7B4CAFE58, cp = 0x00000000002A0CC0, arg0EA = 0x000000000013BBF0, flags = 0x0000000000000000
<45d00> 	Method: org/junit/runners/ParentRunner$2.evaluate()V !j9method 0x00000000002A0D68
<45d00> Bytecode frame: bp = 0x000000000013BC08, sp = 0x000000000013BBF8, pc = 0x00007FA7B4CB004C, cp = 0x00000000002A0FC0, arg0EA = 0x000000000013BC18, flags = 0x0000000000000000
<45d00> 	Method: org/junit/runners/ParentRunner$3.evaluate()V !j9method 0x00000000002A1088
<45d00> Bytecode frame: bp = 0x000000000013BC30, sp = 0x000000000013BC20, pc = 0x00007FA7B4CAA648, cp = 0x0000000000291EE0, arg0EA = 0x000000000013BC58, flags = 0x0000000000000000
<45d00> 	Method: org/junit/runners/ParentRunner.run(Lorg/junit/runner/notification/RunNotifier;)V !j9method 0x0000000000292B58
<45d00> Bytecode frame: bp = 0x000000000013BC70, sp = 0x000000000013BC60, pc = 0x00007FA7B4CA1605, cp = 0x000000000028B180, arg0EA = 0x000000000013BC98, flags = 0x0000000000000000
<45d00> 	Method: org/junit/runner/JUnitCore.run(Lorg/junit/runner/Runner;)Lorg/junit/runner/Result; !j9method 0x000000000028B948
<45d00> Bytecode frame: bp = 0x000000000013BCB0, sp = 0x000000000013BCA0, pc = 0x00007FA7B4CA1581, cp = 0x000000000028B180, arg0EA = 0x000000000013BCC0, flags = 0x0000000000000000
<45d00> 	Method: org/junit/runner/JUnitCore.run(Lorg/junit/runner/Request;)Lorg/junit/runner/Result; !j9method 0x000000000028B908
<45d00> Bytecode frame: bp = 0x000000000013BCD8, sp = 0x000000000013BCC8, pc = 0x00007FA7B4CA14BF, cp = 0x000000000028B180, arg0EA = 0x000000000013BD00, flags = 0x0000000000000000
<45d00> 	Method: org/junit/runner/JUnitCore.runMain(Lorg/junit/internal/JUnitSystem;[Ljava/lang/String;)Lorg/junit/runner/Result; !j9method 0x000000000028B888
<45d00> Bytecode frame: bp = 0x000000000013BD18, sp = 0x000000000013BD08, pc = 0x00007FA7B4CA13E3, cp = 0x000000000028B180, arg0EA = 0x000000000013BD28, flags = 0x0000000000000000
<45d00> 	Method: org/junit/runner/JUnitCore.main([Ljava/lang/String;)V !j9method 0x000000000028B828
<45d00> JNI call-in frame: bp = 0x000000000013BD50, sp = 0x000000000013BD30, pc = 0x00007FA7F7BAAF0C, cp = 0x0000000000000000, arg0EA = 0x000000000013BD50, flags = 0x0000000000020000
<45d00> JNI native method frame: bp = 0x000000000013BDE8, sp = 0x000000000013BD58, pc = 0x0000000000000007, cp = 0x0000000000000000, arg0EA = 0x000000000013BDE8, flags = 0x000000000000000E
ROM Method: !j9rommethod 0x00007FA7854A4464
Next Method: !j9method 0x00000000000939C0
```

**Comment by gacholio** [comment]
The receiver in the constructor chain is not an instance of Throwable:
```
> !j9object 0x00000001C0041F70
!J9Object 0x00000001C0041F70 {
	struct J9Class* clazz = !j9class 0xFAE00 // java/io/PrintStream
	Object flags = 0x00000000;
	I lockword = 0x00000000 (offset = 0) (java/lang/Object) <hidden>
	Ljava/io/OutputStream; out = !fj9object 0x380083ff (offset = 4) (java/io/FilterOutputStream)
	Z closed = 0x380083EE (offset = 12) (java/io/FilterOutputStream)
	Ljava/lang/Object; closeLock = !fj9object 0x38008403 (offset = 8) (java/io/FilterOutputStream)
	Z autoFlush = 0x00000001 (offset = 16) (java/io/PrintStream)
	Z trouble = 0x00000000 (offset = 32) (java/io/PrintStream)
	Ljava/util/Formatter; formatter = !fj9object 0x38008679 (offset = 20) (java/io/PrintStream)
	Ljava/io/BufferedWriter; textOut = !fj9object 0x38008405 (offset = 24) (java/io/PrintStream)
	Ljava/io/OutputStreamWriter; charOut = !fj9object 0x38008409 (offset = 28) (java/io/PrintStream)
	Z closing = 0x00000000 (offset = 36) (java/io/PrintStream)
}
```
The bytecodes of the method throwing the NPE are:
```
> !bytecodes 0x0000000000325628
  Name: around
  Signature: (Lorg/junit/rules/TestRule;)Lorg/junit/rules/RuleChain;
  Access Flags (1250001): public 
  Max Stack: 2
  Argument Count: 2
  Temp Count: 7

    0 iconst1 
    1 istore 4
    3 iconst5 
    4 istore2 
    5 iconst1 
    6 istore3 
    7 iconst5 
    8 istore 5
   10 iconst5 
   11 istore 8
   13 aload1 
   14 ifnonnull 65
   17 ldc 19 (java.lang.String) <org.junit.rules.RuleChain: org.junit.rules.RuleChain around(org.junit.rules.TestRule)> **** Executed Line: **** 2 **** if r0 != null goto $r1 = new java.util.ArrayList
   19 invokestatic 39 Print.logPrint(Ljava/lang/String;)V
   22 new 30 java/lang/NullPointerException
   25 astore 6
   27 ldc 4 (java.lang.String) <org.junit.rules.RuleChain: org.junit.rules.RuleChain around(org.junit.rules.TestRule)> **** Executed Line: **** 3 **** $r6 = new java.lang.NullPointerException
   29 invokestatic 39 Print.logPrint(Ljava/lang/String;)V
   32 nop 
   33 aload 6
   35 ldc 7 (java.lang.String) The enclosed rule must not be null
   37 invokespecial 41 java/lang/NullPointerException.<init>(Ljava/lang/String;)V
   40 ldc 3 (java.lang.String) <org.junit.rules.RuleChain: org.junit.rules.RuleChain around(org.junit.rules.TestRule)> **** Executed Line: **** 4 **** specialinvoke $r6.<java.lang.NullPointerException: void <init>(java.lang.String)>("The enclosed rule must not be null")
   42 invokestatic 39 Print.logPrint(Ljava/lang/String;)V
   45 iload3 
   46 iconstm1 
   47 iadd 
   48 istore0 
   49 iload0 
   50 ifle 178
   53 iload 4
   55 iconstm1 
   56 iadd 
   57 istore0 
   58 iload0 
   59 ifle 178
   62 aload 6
   64 athrow 
   65 new 38 java/util/ArrayList
   68 astore 7
   70 ldc 18 (java.lang.String) <org.junit.rules.RuleChain: org.junit.rules.RuleChain around(org.junit.rules.TestRule)> **** Executed Line: **** 6 **** $r1 = new java.util.ArrayList
   72 invokestatic 39 Print.logPrint(Ljava/lang/String;)V
   75 aload 7
   77 invokespecial 35 java/util/ArrayList.<init>()V
   80 ldc 6 (java.lang.String) <org.junit.rules.RuleChain: org.junit.rules.RuleChain around(org.junit.rules.TestRule)> **** Executed Line: **** 7 **** specialinvoke $r1.<java.util.ArrayList: void <init>()>()
   82 invokestatic 39 Print.logPrint(Ljava/lang/String;)V
   85 aload 7
   87 astore 7
   89 ldc 10 (java.lang.String) <org.junit.rules.RuleChain: org.junit.rules.RuleChain around(org.junit.rules.TestRule)> **** Executed Line: **** 8 **** r2 = $r1
   91 invokestatic 39 Print.logPrint(Ljava/lang/String;)V
   94 aload 7
   96 aload1 
   97 invokeinterface2 
   99 invokeinterface 26 java/util/List.add(Ljava/lang/Object;)Z
  102 pop 
  103 ldc 17 (java.lang.String) <org.junit.rules.RuleChain: org.junit.rules.RuleChain around(org.junit.rules.TestRule)> **** Executed Line: **** 9 **** interfaceinvoke r2.<java.util.List: boolean add(java.lang.Object)>(r0)
  105 invokestatic 39 Print.logPrint(Ljava/lang/String;)V
  108 iinc 5 -1
  111 iload 5
  113 ifge 65
  116 aload0getfield 
  117 getfield 40 org/junit/rules/RuleChain.rulesStartingWithInnerMost Ljava/util/List;
  120 astore0 
  121 ldc 21 (java.lang.String) <org.junit.rules.RuleChain: org.junit.rules.RuleChain around(org.junit.rules.TestRule)> **** Executed Line: **** 10 **** $r4 = r3.<org.junit.rules.RuleChain: java.util.List rulesStartingWithInnerMost>
  123 invokestatic 39 Print.logPrint(Ljava/lang/String;)V
  126 iload2 
  127 iconstm1 
  128 iadd 
  129 istore1 
  130 iload1 
  131 ifge 134
  134 aload 7
  136 aload0 
  137 invokeinterface2 
  139 invokeinterface 43 java/util/List.addAll(Ljava/util/Collection;)Z
  142 pop 
  143 ldc 5 (java.lang.String) <org.junit.rules.RuleChain: org.junit.rules.RuleChain around(org.junit.rules.TestRule)> **** Executed Line: **** 11 **** interfaceinvoke r2.<java.util.List: boolean addAll(java.util.Collection)>($r4)
  145 invokestatic 39 Print.logPrint(Ljava/lang/String;)V
  148 new 34 org/junit/rules/RuleChain
  151 astore0 
  152 ldc 12 (java.lang.String) <org.junit.rules.RuleChain: org.junit.rules.RuleChain around(org.junit.rules.TestRule)> **** Executed Line: **** 12 **** $r5 = new org.junit.rules.RuleChain
  154 invokestatic 39 Print.logPrint(Ljava/lang/String;)V
  157 aload0 
  158 aload 7
  160 invokespecial 45 org/junit/rules/RuleChain.<init>(Ljava/util/List;)V
  163 ldc 23 (java.lang.String) <org.junit.rules.RuleChain: org.junit.rules.RuleChain around(org.junit.rules.TestRule)> **** Executed Line: **** 13 **** specialinvoke $r5.<org.junit.rules.RuleChain: void <init>(java.util.List)>(r2)
  165 invokestatic 39 Print.logPrint(Ljava/lang/String;)V
  168 iinc 8 -1
  171 iload 8
  173 ifge 32
  176 aload0 
  177 return1 
  178 aconstnull 
  179 return1 
```

**Comment by gacholio** [comment]
So yes, this does in fact look like a dup of #11683. @fuzzy000 Why are you running a stress test on invalid bytecodes?

**Comment by 0xdaryl** [comment]
Moving this out to 0.27 based on GAC's analysis and pending an answer to the question he raised.

**Comment by 0xdaryl** [comment]
Based on the analysis, I'm closing this as a dup of #11683.
